Arguments: 
  /usr/local/bin/node /usr/local/bin/yarn

PATH: 
  /usr/local/bin:/usr/bin:/bin:/usr/sbin:/sbin

Yarn version: 
  1.0.0

Node version: 
  6.11.0

Platform: 
  darwin x64

npm manifest: 
  

yarn manifest: 
  No manifest

Lockfile: 
  No lockfile

Trace: 
  SyntaxError: /Users/hluong/Desktop/experiment_source/REACT_PROJECTS/ReactPortfolio/package.json: Unexpected end of JSON input
      at Object.parse (native)
      at /usr/local/lib/node_modules/yarn/lib/cli.js:797:57
      at next (native)
      at step (/usr/local/lib/node_modules/yarn/lib/cli.js:92:30)
      at /usr/local/lib/node_modules/yarn/lib/cli.js:103:13
